#
# There is insufficient memory for the Java Runtime Environment to continue.
# Native memory allocation (malloc) failed to allocate 773296 bytes for Chunk::new
# Possible reasons:
#   The system is out of physical RAM or swap space
#   The process is running with CompressedOops enabled, and the Java Heap may be blocking the growth of the native heap
# Possible solutions:
#   Reduce memory load on the system
#   Increase physical memory or swap space
#   Check if swap backing store is full
#   Decrease Java heap size (-Xmx/-Xms)
#   Decrease number of Java threads
#   Decrease Java thread stack sizes (-Xss)
#   Set larger code cache with -XX:ReservedCodeCacheSize=
#   JVM is running with Unscaled Compressed Oops mode in which the Java heap is
#     placed in the first 4GB address space. The Java Heap base address is the
#     maximum limit for the native heap growth. Please use -XX:HeapBaseMinAddress
#     to set the Java Heap base and to place the Java Heap above 4GB virtual address.
# This output file may be truncated or incomplete.
#
#  Out of Memory Error (allocation.cpp:389), pid=16568, tid=0x0000000000003dbc
#
# JRE version: OpenJDK Runtime Environment (8.0_202-b03) (build 1.8.0_202-release-1483-b03)
# Java VM: OpenJDK 64-Bit Server VM (25.202-b03 mixed mode windows-amd64 compressed oops)
# Failed to write core dump. Minidumps are not enabled by default on client versions of Windows
#

---------------  T H R E A D  ---------------

Current thread (0x00000000166f8000):  JavaThread "C2 CompilerThread1" daemon [_thread_in_native, id=15804, stack(0x0000000017e10000,0x0000000017f10000)]

Stack: [0x0000000017e10000,0x0000000017f10000]
[error occurred during error reporting (printing stack bounds), id 0xc0000005]

Native frames: (J=compiled Java code, j=interpreted, Vv=VM code, C=native code)


Current CompileTask:
C2:   5768 1387       4       java.net.URLClassLoader$1::run (5 bytes)


---------------  P R O C E S S  ---------------

Java Threads: ( => current thread )
  0x000000001977d800 JavaThread "Cache worker for journal cache (C:\Users\justi.JUSTINE-SURFACE\.gradle\caches\journal-1)" [_thread_blocked, id=14788, stack(0x000000001b360000,0x000000001b460000)]
  0x000000001977d000 JavaThread "File lock request listener" [_thread_in_native, id=11628, stack(0x000000001b160000,0x000000001b260000)]
  0x000000001977c000 JavaThread "Cache worker for file hash cache (C:\Users\justi.JUSTINE-SURFACE\.gradle\caches\5.4.1\fileHashes)" [_thread_blocked, id=15768, stack(0x000000001b060000,0x000000001b160000)]
  0x00000000198a2000 JavaThread "Thread-9" [_thread_blocked, id=12640, stack(0x000000001af60000,0x000000001b060000)]
  0x0000000019898800 JavaThread "Stdin handler" [_thread_blocked, id=9284, stack(0x000000001ae60000,0x000000001af60000)]
  0x0000000019862000 JavaThread "Asynchronous log dispatcher for DefaultDaemonConnection: socket connection from /127.0.0.1:55309 to /127.0.0.1:55310" [_thread_blocked, id=8228, stack(0x000000001ad60000,0x000000001ae60000)]
  0x000000001985c800 JavaThread "Daemon worker" [_thread_in_vm, id=10716, stack(0x000000001ac60000,0x000000001ad60000)]
  0x000000001985c000 JavaThread "Cancel handler" [_thread_blocked, id=2248, stack(0x000000001ab60000,0x000000001ac60000)]
  0x00000000197f5800 JavaThread "Handler for socket connection from /127.0.0.1:55309 to /127.0.0.1:55310" [_thread_in_native, id=17036, stack(0x000000001a860000,0x000000001a960000)]
  0x0000000018783000 JavaThread "Daemon" [_thread_blocked, id=16276, stack(0x000000001a760000,0x000000001a860000)]
  0x0000000018780000 JavaThread "Daemon periodic checks" [_thread_blocked, id=4300, stack(0x000000001a660000,0x000000001a760000)]
  0x00000000186cf000 JavaThread "Incoming local TCP Connector on port 55309" [_thread_in_native, id=9636, stack(0x000000001a420000,0x000000001a520000)]
  0x00000000197c7000 JavaThread "Daemon health stats" [_thread_blocked, id=9472, stack(0x0000000019de0000,0x0000000019ee0000)]
  0x0000000017f1d000 JavaThread "Service Thread" daemon [_thread_blocked, id=492, stack(0x0000000018410000,0x0000000018510000)]
  0x000000001672d800 JavaThread "C1 CompilerThread2" daemon [_thread_in_native, id=7968, stack(0x0000000018310000,0x0000000018410000)]
=>0x00000000166f8000 JavaThread "C2 CompilerThread1" daemon [_thread_in_native, id=15804, stack(0x0000000017e10000,0x0000000017f10000)]
  0x00000000166ce800 JavaThread "C2 CompilerThread0" daemon [_thread_in_native, id=6252, stack(0x0000000017d10000,0x0000000017e10000)]
  0x00000000166cd000 JavaThread "Attach Listener" daemon [_thread_blocked, id=2560, stack(0x0000000017c10000,0x0000000017d10000)]
  0x00000000166cc000 JavaThread "Signal Dispatcher" daemon [_thread_blocked, id=15940, stack(0x0000000017b10000,0x0000000017c10000)]
  0x0000000002d55800 JavaThread "Finalizer" daemon [_thread_blocked, id=9936, stack(0x0000000017920000,0x0000000017a20000)]
  0x00000000166b9000 JavaThread "Reference Handler" daemon [_thread_blocked, id=2272, stack(0x0000000017820000,0x0000000017920000)]
  0x0000000002c62800 JavaThread "main" [_thread_blocked, id=15872, stack(0x0000000002b60000,0x0000000002c60000)]

Other Threads:
  0x0000000016697800 VMThread [stack: 0x0000000017720000,0x0000000017820000] [id=13916]
  0x0000000017f1e000 WatcherThread [stack: 0x0000000018510000,0x0000000018610000] [id=5856]

VM state:not at safepoint (normal execution)

VM Mutex/Monitor currently owned by a thread: None

heap address: 0x00000000a0000000, size: 1536 MB, Compressed Oops mode: 32-bit
Narrow klass base: 0x0000000000000000, Narrow klass shift: 3
Compressed class space size: 1073741824 Address: 0x0000000100000000

Heap:
 PSYoungGen      total 38400K, used 32823K [0x00000000e0000000, 0x00000000e4b00000, 0x0000000100000000)
  eden space 33280K, 83% used [0x00000000e0000000,0x00000000e1b14f20,0x00000000e2080000)
  from space 5120K, 99% used [0x00000000e2080000,0x00000000e2578df8,0x00000000e2580000)
  to   space 5120K, 0% used [0x00000000e4600000,0x00000000e4600000,0x00000000e4b00000)
 ParOldGen       total 87552K, used 1853K [0x00000000a0000000, 0x00000000a5580000, 0x00000000e0000000)
  object space 87552K, 2% used [0x00000000a0000000,0x00000000a01cf578,0x00000000a5580000)
 Metaspace       used 15397K, capacity 15780K, committed 16000K, reserved 1062912K
  class space    used 2192K, capacity 2328K, committed 2432K, reserved 1048576K

Card table byte_map: [0x0000000012120000,0x0000000012430000] byte_map_base: 0x0000000011c20000

Marking Bits: (ParMarkBitMap*) 0x00000000758e9f30
 Begin Bits: [0x0000000012a30000, 0x0000000014230000)
 End Bits:   [0x0000000014230000, 0x0000000015a30000)

Polling page: 0x0000000000f10000

CodeCache: size=245760Kb used=5057Kb max_used=5057Kb free=240703Kb
 bounds [0x0000000002d60000, 0x0000000003260000, 0x0000000011d60000]
 total_blobs=1842 nmethods=1453 adapters=302
 compilation: enabled

Compilation events (10 events):
Event: 5.762 Thread 0x000000001672d800 1448       3       com.google.common.io.LineReader$1::handleLine (15 bytes)
Event: 5.762 Thread 0x000000001672d800 nmethod 1448 0x000000000324c9d0 code [0x000000000324cb40, 0x000000000324cd68]
Event: 5.762 Thread 0x000000001672d800 1449       3       com.google.common.io.LineReader::readLine (105 bytes)
Event: 5.763 Thread 0x000000001672d800 nmethod 1449 0x000000000324ce90 code [0x000000000324d0a0, 0x000000000324dbb8]
Event: 5.763 Thread 0x000000001672d800 1450       3       java.util.LinkedList::poll (19 bytes)
Event: 5.763 Thread 0x000000001672d800 nmethod 1450 0x000000000324df50 code [0x000000000324e0c0, 0x000000000324e2a8]
Event: 5.764 Thread 0x000000001672d800 1451       3       com.google.common.base.CharMatcher::indexIn (48 bytes)
Event: 5.765 Thread 0x000000001672d800 nmethod 1451 0x000000000324e350 code [0x000000000324e520, 0x000000000324ec28]
Event: 5.765 Thread 0x000000001672d800 1452       1       com.google.common.base.CharMatcher$None::matches (2 bytes)
Event: 5.765 Thread 0x000000001672d800 nmethod 1452 0x000000000324ef50 code [0x000000000324f0a0, 0x000000000324f1b0]

GC Heap History (6 events):
Event: 2.993 GC heap before
{Heap before GC invocations=1 (full 0):
 PSYoungGen      total 38400K, used 33280K [0x00000000e0000000, 0x00000000e2a80000, 0x0000000100000000)
  eden space 33280K, 100% used [0x00000000e0000000,0x00000000e2080000,0x00000000e2080000)
  from space 5120K, 0% used [0x00000000e2580000,0x00000000e2580000,0x00000000e2a80000)
  to   space 5120K, 0% used [0x00000000e2080000,0x00000000e2080000,0x00000000e2580000)
 ParOldGen       total 87552K, used 0K [0x00000000a0000000, 0x00000000a5580000, 0x00000000e0000000)
  object space 87552K, 0% used [0x00000000a0000000,0x00000000a0000000,0x00000000a5580000)
 Metaspace       used 6642K, capacity 6788K, committed 7040K, reserved 1056768K
  class space    used 811K, capacity 844K, committed 896K, reserved 1048576K
Event: 3.004 GC heap after
Heap after GC invocations=1 (full 0):
 PSYoungGen      total 38400K, used 4117K [0x00000000e0000000, 0x00000000e2a80000, 0x0000000100000000)
  eden space 33280K, 0% used [0x00000000e0000000,0x00000000e0000000,0x00000000e2080000)
  from space 5120K, 80% used [0x00000000e2080000,0x00000000e2485630,0x00000000e2580000)
  to   space 5120K, 0% used [0x00000000e2580000,0x00000000e2580000,0x00000000e2a80000)
 ParOldGen       total 87552K, used 8K [0x00000000a0000000, 0x00000000a5580000, 0x00000000e0000000)
  object space 87552K, 0% used [0x00000000a0000000,0x00000000a0002000,0x00000000a5580000)
 Metaspace       used 6642K, capacity 6788K, committed 7040K, reserved 1056768K
  class space    used 811K, capacity 844K, committed 896K, reserved 1048576K
}
Event: 4.039 GC heap before
{Heap before GC invocations=2 (full 0):
 PSYoungGen      total 38400K, used 37397K [0x00000000e0000000, 0x00000000e2a80000, 0x0000000100000000)
  eden space 33280K, 100% used [0x00000000e0000000,0x00000000e2080000,0x00000000e2080000)
  from space 5120K, 80% used [0x00000000e2080000,0x00000000e2485630,0x00000000e2580000)
  to   space 5120K, 0% used [0x00000000e2580000,0x00000000e2580000,0x00000000e2a80000)
 ParOldGen       total 87552K, used 8K [0x00000000a0000000, 0x00000000a5580000, 0x00000000e0000000)
  object space 87552K, 0% used [0x00000000a0000000,0x00000000a0002000,0x00000000a5580000)
 Metaspace       used 8558K, capacity 8798K, committed 8960K, reserved 1056768K
  class space    used 1102K, capacity 1173K, committed 1280K, reserved 1048576K
Event: 4.076 GC heap after
Heap after GC invocations=2 (full 0):
 PSYoungGen      total 38400K, used 4333K [0x00000000e0000000, 0x00000000e4b00000, 0x0000000100000000)
  eden space 33280K, 0% used [0x00000000e0000000,0x00000000e0000000,0x00000000e2080000)
  from space 5120K, 84% used [0x00000000e2580000,0x00000000e29bb7a0,0x00000000e2a80000)
  to   space 5120K, 0% used [0x00000000e2080000,0x00000000e2080000,0x00000000e2580000)
 ParOldGen       total 87552K, used 16K [0x00000000a0000000, 0x00000000a5580000, 0x00000000e0000000)
  object space 87552K, 0% used [0x00000000a0000000,0x00000000a0004000,0x00000000a5580000)
 Metaspace       used 8558K, capacity 8798K, committed 8960K, reserved 1056768K
  class space    used 1102K, capacity 1173K, committed 1280K, reserved 1048576K
}
Event: 5.213 GC heap before
{Heap before GC invocations=3 (full 0):
 PSYoungGen      total 38400K, used 37613K [0x00000000e0000000, 0x00000000e4b00000, 0x0000000100000000)
  eden space 33280K, 100% used [0x00000000e0000000,0x00000000e2080000,0x00000000e2080000)
  from space 5120K, 84% used [0x00000000e2580000,0x00000000e29bb7a0,0x00000000e2a80000)
  to   space 5120K, 0% used [0x00000000e2080000,0x00000000e2080000,0x00000000e2580000)
 ParOldGen       total 87552K, used 16K [0x00000000a0000000, 0x00000000a5580000, 0x00000000e0000000)
  object space 87552K, 0% used [0x00000000a0000000,0x00000000a0004000,0x00000000a5580000)
 Metaspace       used 13176K, capacity 13556K, committed 13824K, reserved 1060864K
  class space    used 1820K, capacity 1966K, committed 2048K, reserved 1048576K
Event: 5.223 GC heap after
Heap after GC invocations=3 (full 0):
 PSYoungGen      total 38400K, used 5091K [0x00000000e0000000, 0x00000000e4b00000, 0x0000000100000000)
  eden space 33280K, 0% used [0x00000000e0000000,0x00000000e0000000,0x00000000e2080000)
  from space 5120K, 99% used [0x00000000e2080000,0x00000000e2578df8,0x00000000e2580000)
  to   space 5120K, 0% used [0x00000000e4600000,0x00000000e4600000,0x00000000e4b00000)
 ParOldGen       total 87552K, used 1853K [0x00000000a0000000, 0x00000000a5580000, 0x00000000e0000000)
  object space 87552K, 2% used [0x00000000a0000000,0x00000000a01cf578,0x00000000a5580000)
 Metaspace       used 13176K, capacity 13556K, committed 13824K, reserved 1060864K
  class space    used 1820K, capacity 1966K, committed 2048K, reserved 1048576K
}

Deoptimization events (10 events):
Event: 4.950 Thread 0x000000001985c800 Uncommon trap: reason=bimorphic action=maybe_recompile pc=0x0000000002fface4 method=java.util.HashMap.putVal(ILjava/lang/Object;Ljava/lang/Object;ZZ)Ljava/lang/Object; @ 253
Event: 4.950 Thread 0x000000001985c800 Uncommon trap: reason=bimorphic action=maybe_recompile pc=0x0000000002fface4 method=java.util.HashMap.putVal(ILjava/lang/Object;Ljava/lang/Object;ZZ)Ljava/lang/Object; @ 253
Event: 4.951 Thread 0x000000001985c800 Uncommon trap: reason=bimorphic action=maybe_recompile pc=0x0000000002fface4 method=java.util.HashMap.putVal(ILjava/lang/Object;Ljava/lang/Object;ZZ)Ljava/lang/Object; @ 253
Event: 4.952 Thread 0x000000001985c800 Uncommon trap: reason=bimorphic action=maybe_recompile pc=0x0000000002fface4 method=java.util.HashMap.putVal(ILjava/lang/Object;Ljava/lang/Object;ZZ)Ljava/lang/Object; @ 253
Event: 4.952 Thread 0x000000001985c800 Uncommon trap: reason=bimorphic action=maybe_recompile pc=0x0000000003002a44 method=java.util.HashMap.putVal(ILjava/lang/Object;Ljava/lang/Object;ZZ)Ljava/lang/Object; @ 253
Event: 5.247 Thread 0x000000001985c800 Uncommon trap: reason=class_check action=maybe_recompile pc=0x000000000303e698 method=java.util.regex.Matcher.match(II)Z @ 86
Event: 5.263 Thread 0x000000001985c800 Uncommon trap: reason=class_check action=maybe_recompile pc=0x000000000303e698 method=java.util.regex.Matcher.match(II)Z @ 86
Event: 5.263 Thread 0x000000001985c800 Uncommon trap: reason=class_check action=maybe_recompile pc=0x000000000303e698 method=java.util.regex.Matcher.match(II)Z @ 86
Event: 5.264 Thread 0x000000001985c800 Uncommon trap: reason=class_check action=maybe_recompile pc=0x0000000002ff77e0 method=java.util.regex.Matcher.match(II)Z @ 86
Event: 5.682 Thread 0x000000001985c800 Uncommon trap: reason=unstable_if action=reinterpret pc=0x0000000003110f34 method=java.lang.String.lastIndexOf([CII[CIII)I @ 66

Classes redefined (0 events):
No events

Internal exceptions (10 events):
Event: 4.870 Thread 0x00000000197f5800 Exception <a 'java/lang/NoSuchMethodError': <clinit>> (0x00000000e0c07ca8) thrown at [D:\src\AOSP-openjdk-cygwin\jdk8u\hotspot\src\share\vm\prims\jni.cpp, line 1614]
Event: 4.874 Thread 0x00000000197f5800 Exception <a 'java/lang/NoSuchMethodError': <clinit>> (0x00000000e0c1ae80) thrown at [D:\src\AOSP-openjdk-cygwin\jdk8u\hotspot\src\share\vm\prims\jni.cpp, line 1614]
Event: 4.879 Thread 0x00000000197f5800 Exception <a 'java/lang/NoSuchMethodError': <clinit>> (0x00000000e0c423d0) thrown at [D:\src\AOSP-openjdk-cygwin\jdk8u\hotspot\src\share\vm\prims\jni.cpp, line 1614]
Event: 4.882 Thread 0x00000000197f5800 Exception <a 'java/lang/NoSuchMethodError': <clinit>> (0x00000000e0c5a578) thrown at [D:\src\AOSP-openjdk-cygwin\jdk8u\hotspot\src\share\vm\prims\jni.cpp, line 1614]
Event: 4.883 Thread 0x00000000197f5800 Exception <a 'java/lang/NoSuchMethodError': <clinit>> (0x00000000e0c63208) thrown at [D:\src\AOSP-openjdk-cygwin\jdk8u\hotspot\src\share\vm\prims\jni.cpp, line 1614]
Event: 4.886 Thread 0x00000000197f5800 Exception <a 'java/lang/NoSuchMethodError': <clinit>> (0x00000000e0c79968) thrown at [D:\src\AOSP-openjdk-cygwin\jdk8u\hotspot\src\share\vm\prims\jni.cpp, line 1614]
Event: 4.897 Thread 0x00000000197f5800 Exception <a 'java/lang/NoSuchMethodError': <clinit>> (0x00000000e0cd7728) thrown at [D:\src\AOSP-openjdk-cygwin\jdk8u\hotspot\src\share\vm\prims\jni.cpp, line 1614]
Event: 4.903 Thread 0x00000000197f5800 Exception <a 'java/lang/NoSuchMethodError': <clinit>> (0x00000000e0d04530) thrown at [D:\src\AOSP-openjdk-cygwin\jdk8u\hotspot\src\share\vm\prims\jni.cpp, line 1614]
Event: 4.909 Thread 0x00000000197f5800 Exception <a 'java/lang/NoSuchMethodError': <clinit>> (0x00000000e0d32790) thrown at [D:\src\AOSP-openjdk-cygwin\jdk8u\hotspot\src\share\vm\prims\jni.cpp, line 1614]
Event: 4.911 Thread 0x00000000197f5800 Exception <a 'java/lang/NoSuchMethodError': <clinit>> (0x00000000e0d3db98) thrown at [D:\src\AOSP-openjdk-cygwin\jdk8u\hotspot\src\share\vm\prims\jni.cpp, line 1614]

Events (10 events):
Event: 5.757 loading class com/google/common/base/Splitter$SplittingIterator
Event: 5.757 loading class com/google/common/base/Splitter$SplittingIterator done
Event: 5.758 loading class com/google/common/base/AbstractIterator
Event: 5.758 loading class com/google/common/base/AbstractIterator done
Event: 5.758 loading class com/google/common/base/Splitter$1$1
Event: 5.758 loading class com/google/common/base/Splitter$1$1 done
Event: 5.759 loading class com/google/common/base/AbstractIterator$State
Event: 5.759 loading class com/google/common/base/AbstractIterator$State done
Event: 5.759 loading class com/google/common/base/AbstractIterator$1
Event: 5.759 loading class com/google/common/base/AbstractIterator$1 done


Dynamic libraries:
0x00007ff658200000 - 0x00007ff658231000 	C:\Program Files\Android\Android Studio\jre\bin\java.exe
0x00007ffc9cc80000 - 0x00007ffc9ce61000 	C:\WINDOWS\SYSTEM32\ntdll.dll
0x00007ffc9abe0000 - 0x00007ffc9ac91000 	C:\WINDOWS\System32\KERNEL32.DLL
0x00007ffc992e0000 - 0x00007ffc99553000 	C:\WINDOWS\System32\KERNELBASE.dll
0x00007ffc9b050000 - 0x00007ffc9b0f1000 	C:\WINDOWS\System32\ADVAPI32.dll
0x00007ffc9ab10000 - 0x00007ffc9abae000 	C:\WINDOWS\System32\msvcrt.dll
0x00007ffc9a2a0000 - 0x00007ffc9a2fb000 	C:\WINDOWS\System32\sechost.dll
0x00007ffc9b130000 - 0x00007ffc9b254000 	C:\WINDOWS\System32\RPCRT4.dll
0x00007ffc9a100000 - 0x00007ffc9a290000 	C:\WINDOWS\System32\USER32.dll
0x00007ffc99040000 - 0x00007ffc99060000 	C:\WINDOWS\System32\win32u.dll
0x00007ffc9ca00000 - 0x00007ffc9ca28000 	C:\WINDOWS\System32\GDI32.dll
0x00007ffc99140000 - 0x00007ffc992d1000 	C:\WINDOWS\System32\gdi32full.dll
0x00007ffc99610000 - 0x00007ffc996af000 	C:\WINDOWS\System32\msvcp_win.dll
0x00007ffc998a0000 - 0x00007ffc99998000 	C:\WINDOWS\System32\ucrtbase.dll
0x00007ffc83f00000 - 0x00007ffc84169000 	C:\WINDOWS\WinSxS\amd64_microsoft.windows.common-controls_6595b64144ccf1df_6.0.17134.1006_none_d3fbb8f77c940c3f\COMCTL32.dll
0x00007ffc9ad20000 - 0x00007ffc9b041000 	C:\WINDOWS\System32\combase.dll
0x00007ffc99060000 - 0x00007ffc990d9000 	C:\WINDOWS\System32\bcryptPrimitives.dll
0x00007ffc9b100000 - 0x00007ffc9b12d000 	C:\WINDOWS\System32\IMM32.DLL
0x0000000074f60000 - 0x0000000075032000 	C:\Program Files\Android\Android Studio\jre\jre\bin\msvcr100.dll
0x0000000075120000 - 0x0000000075966000 	C:\Program Files\Android\Android Studio\jre\jre\bin\server\jvm.dll
0x00007ffc9a290000 - 0x00007ffc9a298000 	C:\WINDOWS\System32\PSAPI.DLL
0x00007ffc77120000 - 0x00007ffc77129000 	C:\WINDOWS\SYSTEM32\WSOCK32.dll
0x00007ffc9acb0000 - 0x00007ffc9ad1c000 	C:\WINDOWS\System32\WS2_32.dll
0x00007ffc96c70000 - 0x00007ffc96c93000 	C:\WINDOWS\SYSTEM32\WINMM.dll
0x00007ffc81460000 - 0x00007ffc8146a000 	C:\WINDOWS\SYSTEM32\VERSION.dll
0x00007ffc96c40000 - 0x00007ffc96c6a000 	C:\WINDOWS\SYSTEM32\winmmbase.dll
0x00007ffc999a0000 - 0x00007ffc999e9000 	C:\WINDOWS\System32\cfgmgr32.dll
0x00007ffc94390000 - 0x00007ffc9439f000 	C:\Program Files\Android\Android Studio\jre\jre\bin\verify.dll
0x00007ffc8ee50000 - 0x00007ffc8ee79000 	C:\Program Files\Android\Android Studio\jre\jre\bin\java.dll
0x00007ffc8ee30000 - 0x00007ffc8ee46000 	C:\Program Files\Android\Android Studio\jre\jre\bin\zip.dll
0x00007ffc9b410000 - 0x00007ffc9c852000 	C:\WINDOWS\System32\SHELL32.dll
0x00007ffc9a300000 - 0x00007ffc9a3a9000 	C:\WINDOWS\System32\shcore.dll
0x00007ffc999f0000 - 0x00007ffc9a0fe000 	C:\WINDOWS\System32\windows.storage.dll
0x00007ffc9cbf0000 - 0x00007ffc9cc41000 	C:\WINDOWS\System32\shlwapi.dll
0x00007ffc98fd0000 - 0x00007ffc98fe1000 	C:\WINDOWS\System32\kernel.appcore.dll
0x00007ffc98fb0000 - 0x00007ffc98fcf000 	C:\WINDOWS\System32\profapi.dll
0x00007ffc98ff0000 - 0x00007ffc9903c000 	C:\WINDOWS\System32\powrprof.dll
0x00007ffc98fa0000 - 0x00007ffc98faa000 	C:\WINDOWS\System32\FLTLIB.DLL
0x00007ffc8eda0000 - 0x00007ffc8edba000 	C:\Program Files\Android\Android Studio\jre\jre\bin\net.dll
0x00007ffc98800000 - 0x00007ffc98866000 	C:\WINDOWS\system32\mswsock.dll
0x00007ffc8d140000 - 0x00007ffc8d151000 	C:\Program Files\Android\Android Studio\jre\jre\bin\nio.dll
0x00007ffc93180000 - 0x00007ffc931a6000 	C:\Users\justi.JUSTINE-SURFACE\.gradle\native\29\windows-amd64\native-platform.dll
0x00007ffc93790000 - 0x00007ffc9379d000 	C:\Program Files\Android\Android Studio\jre\jre\bin\management.dll
0x00007ffc989c0000 - 0x00007ffc989d7000 	C:\WINDOWS\SYSTEM32\CRYPTSP.dll
0x00007ffc983b0000 - 0x00007ffc983e3000 	C:\WINDOWS\system32\rsaenh.dll
0x00007ffc98ae0000 - 0x00007ffc98b05000 	C:\WINDOWS\SYSTEM32\bcrypt.dll
0x00007ffc98e80000 - 0x00007ffc98ea8000 	C:\WINDOWS\SYSTEM32\USERENV.dll
0x00007ffc989b0000 - 0x00007ffc989bb000 	C:\WINDOWS\SYSTEM32\CRYPTBASE.dll
0x00007ffc98550000 - 0x00007ffc98588000 	C:\WINDOWS\SYSTEM32\IPHLPAPI.DLL
0x00007ffc9aca0000 - 0x00007ffc9aca8000 	C:\WINDOWS\System32\NSI.dll
0x00007ffc8ce90000 - 0x00007ffc8cea6000 	C:\WINDOWS\SYSTEM32\dhcpcsvc6.DLL
0x00007ffc8d210000 - 0x00007ffc8d22a000 	C:\WINDOWS\SYSTEM32\dhcpcsvc.DLL

VM Arguments:
jvm_args: -Xmx1536m -Dfile.encoding=windows-1252 -Duser.country=US -Duser.language=en -Duser.variant 
java_command: org.gradle.launcher.daemon.bootstrap.GradleDaemon 5.4.1
java_class_path (initial): C:\Users\justi.JUSTINE-SURFACE\.gradle\wrapper\dists\gradle-5.4.1-all\3221gyojl5jsh0helicew7rwx\gradle-5.4.1\lib\gradle-launcher-5.4.1.jar
Launcher Type: SUN_STANDARD

Environment Variables:
JAVA_HOME=C:\Program Files\Java\jdk-12.0.2
PATH=C:\Program Files\Haskell\bin;C:\Program Files\Haskell Platform\8.4.3\lib\extralibs\bin;C:\Program Files\Haskell Platform\8.4.3\bin;C:\Program Files (x86)\NVIDIA Corporation\PhysX\Common;C:\ProgramData\Oracle\Java\javapath;C:\WINDOWS\system32;C:\WINDOWS;C:\WINDOWS\System32\Wbem;C:\WINDOWS\System32\WindowsPowerShell\v1.0;C:\Program Files\Java\jdk1.8.0_121\bin;C:\Program Files\Java\jre1.8.0_121\bin;C:\Program Files\Git\cmd;C:\WINDOWS\System32\WindowsPowerShell\v1.0\;C:\WINDOWS\System32\OpenSSH\;C:\Program Files\Haskell Platform\8.4.3\mingw\bin;C:\Program Files\nodejs\;C:\apache-maven-3.6.0-bin\apache-maven-3.6.0\bin;C:\Program Files\MySQL\MySQL Server 8.0\bin;C:\Python;C:\Python\Scripts;C:\Program Files\Java\jdk-12.0.2\bin;C:\Program Files (x86)\Yarn\bin\;C:\Program Files\PostgreSQL\12\bin;C:\Users\justi.JUSTINE-SURFACE\scoop\apps\yarn\current\Yarn\bin;C:\Users\justi.JUSTINE-SURFACE\scoop\apps\yarn\current\global\node_modules\.bin;C:\Users\justi.JUSTINE-SURFACE\scoop\shims;C:\RailsInstaller\Git\cmd;C:\RailsInstaller\Ruby2.3.3\bin;C:\Ruby25-x64\bin;C:\Users\justi.JUSTINE-SURFACE\AppData\Roaming\cabal\bin;C:\bin;C:\Users\justi.JUSTINE-SURFACE\AppData\Local\Microsoft\WindowsApps;C:\Program Files\Microsoft VS Code\bin;C:\Users\justi.JUSTINE-SURFACE\AppData\Roaming\npm;C:\Program Files (x86)\SSH Communications Security\SSH Secure Shell;C:\Users\justi.JUSTINE-SURFACE\AppData\Roaming\Microsoft\Windows\Start Menu\Programs\Python 3.6;C:\Python;C:\Python\Scripts;C:\Program Files\Java\jdk-12.0.2\bin;C:\Users\justi.JUSTINE-SURFACE\AppData\Local\GitHubDesktop\bin;C:\Users\justi.JUSTINE-SURFACE\AppData\Local\Yarn\bin\;C:\Program Files\PostgreSQL\12\bin;
USERNAME=justi
OS=Windows_NT
PROCESSOR_IDENTIFIER=Intel64 Family 6 Model 78 Stepping 3, GenuineIntel



---------------  S Y S T E M  ---------------

OS: Windows 10.0 , 64 bit Build 17134 (10.0.17134.753)

CPU:total 4 (initial active 4) (2 cores per cpu, 2 threads per core) family 6 model 78 stepping 3, cmov, cx8, fxsr, mmx, sse, sse2, sse3, ssse3, sse4.1, sse4.2, popcnt, avx, avx2, aes, clmul, erms, rtm, 3dnowpref, lzcnt, ht, tsc, tscinvbit, bmi1, bmi2, adx

Memory: 4k page, physical 8312088k(1065936k free), swap 10625932k(5768k free)

vm_info: OpenJDK 64-Bit Server VM (25.202-b03) for windows-amd64 JRE (1.8.0_202-release-1483-b03), built by "builder" with MS VC++ 10.0 (VS2010)

time: Sat Nov 16 20:31:13 2019
timezone: Pacific Standard Time
elapsed time: 5 seconds (0d 0h 0m 5s)

