#
# There is insufficient memory for the Java Runtime Environment to continue.
# Native memory allocation (malloc) failed to allocate 1048576 bytes for AllocateHeap
# Possible reasons:
#   The system is out of physical RAM or swap space
#   The process is running with CompressedOops enabled, and the Java Heap may be blocking the growth of the native heap
# Possible solutions:
#   Reduce memory load on the system
#   Increase physical memory or swap space
#   Check if swap backing store is full
#   Decrease Java heap size (-Xmx/-Xms)
#   Decrease number of Java threads
#   Decrease Java thread stack sizes (-Xss)
#   Set larger code cache with -XX:ReservedCodeCacheSize=
#   JVM is running with Unscaled Compressed Oops mode in which the Java heap is
#     placed in the first 4GB address space. The Java Heap base address is the
#     maximum limit for the native heap growth. Please use -XX:HeapBaseMinAddress
#     to set the Java Heap base and to place the Java Heap above 4GB virtual address.
# This output file may be truncated or incomplete.
#
#  Out of Memory Error (memory/allocation.inline.hpp:61), pid=11248, tid=0x000000000000069c
#
# JRE version:  (8.0_202-b03) (build )
# Java VM: OpenJDK 64-Bit Server VM (25.202-b03 mixed mode windows-amd64 compressed oops)
# Failed to write core dump. Minidumps are not enabled by default on client versions of Windows
#

---------------  T H R E A D  ---------------

Current thread (0x0000000002b82800):  JavaThread "Unknown thread" [_thread_in_vm, id=1692, stack(0x0000000002a80000,0x0000000002b80000)]

Stack: [0x0000000002a80000,0x0000000002b80000]
[error occurred during error reporting (printing stack bounds), id 0xc0000005]

Native frames: (J=compiled Java code, j=interpreted, Vv=VM code, C=native code)


---------------  P R O C E S S  ---------------

Java Threads: ( => current thread )

Other Threads:

=>0x0000000002b82800 (exited) JavaThread "Unknown thread" [_thread_in_vm, id=1692, stack(0x0000000002a80000,0x0000000002b80000)]

VM state:not at safepoint (normal execution)

VM Mutex/Monitor currently owned by a thread: None

heap address: 0x0000000081200000, size: 2030 MB, Compressed Oops mode: 32-bit
Narrow klass base: 0x0000000000000000, Narrow klass shift: 3
Compressed class space size: 1073741824 Address: 0x0000000100000000

Heap:
 PSYoungGen      total 38400K, used 665K [0x00000000d5b80000, 0x00000000d8600000, 0x0000000100000000)
  eden space 33280K, 2% used [0x00000000d5b80000,0x00000000d5c26670,0x00000000d7c00000)
  from space 5120K, 0% used [0x00000000d8100000,0x00000000d8100000,0x00000000d8600000)
  to   space 5120K, 0% used [0x00000000d7c00000,0x00000000d7c00000,0x00000000d8100000)
 ParOldGen       total 87552K, used 0K [0x0000000081200000, 0x0000000086780000, 0x00000000d5b80000)
  object space 87552K, 0% used [0x0000000081200000,0x0000000081200000,0x0000000086780000)
 Metaspace       used 778K, capacity 4480K, committed 4480K, reserved 1056768K
  class space    used 74K, capacity 384K, committed 384K, reserved 1048576K

Card table byte_map: [0x0000000012040000,0x0000000012440000] byte_map_base: 0x0000000011c37000

Marking Bits: (ParMarkBitMap*) 0x00000000758e9f30
 Begin Bits: [0x0000000012af0000, 0x0000000014aa8000)
 End Bits:   [0x0000000014aa8000, 0x0000000016a60000)

Polling page: 0x0000000000b70000

CodeCache: size=245760Kb used=328Kb max_used=328Kb free=245431Kb
 bounds [0x0000000002c80000, 0x0000000002ef0000, 0x0000000011c80000]
 total_blobs=57 nmethods=0 adapters=38
 compilation: enabled

Compilation events (0 events):
No events

GC Heap History (0 events):
No events

Deoptimization events (0 events):
No events

Classes redefined (0 events):
No events

Internal exceptions (0 events):
No events

Events (10 events):
Event: 0.022 loading class java/lang/Short
Event: 0.022 loading class java/lang/Short done
Event: 0.022 loading class java/lang/Integer
Event: 0.023 loading class java/lang/Integer done
Event: 0.023 loading class java/lang/Long
Event: 0.023 loading class java/lang/Long done
Event: 0.023 loading class java/lang/NullPointerException
Event: 0.023 loading class java/lang/NullPointerException done
Event: 0.023 loading class java/lang/ArithmeticException
Event: 0.023 loading class java/lang/ArithmeticException done


Dynamic libraries:
0x00007ff60d0e0000 - 0x00007ff60d111000 	C:\Program Files\Android\Android Studio\jre\jre\bin\java.exe
0x00007ffc9cc80000 - 0x00007ffc9ce61000 	C:\WINDOWS\SYSTEM32\ntdll.dll
0x00007ffc9abe0000 - 0x00007ffc9ac91000 	C:\WINDOWS\System32\KERNEL32.DLL
0x00007ffc992e0000 - 0x00007ffc99553000 	C:\WINDOWS\System32\KERNELBASE.dll
0x00007ffc9b050000 - 0x00007ffc9b0f1000 	C:\WINDOWS\System32\ADVAPI32.dll
0x00007ffc9ab10000 - 0x00007ffc9abae000 	C:\WINDOWS\System32\msvcrt.dll
0x00007ffc9a2a0000 - 0x00007ffc9a2fb000 	C:\WINDOWS\System32\sechost.dll
0x00007ffc9b130000 - 0x00007ffc9b254000 	C:\WINDOWS\System32\RPCRT4.dll
0x00007ffc9a100000 - 0x00007ffc9a290000 	C:\WINDOWS\System32\USER32.dll
0x00007ffc99040000 - 0x00007ffc99060000 	C:\WINDOWS\System32\win32u.dll
0x00007ffc9ca00000 - 0x00007ffc9ca28000 	C:\WINDOWS\System32\GDI32.dll
0x00007ffc99140000 - 0x00007ffc992d1000 	C:\WINDOWS\System32\gdi32full.dll
0x00007ffc99610000 - 0x00007ffc996af000 	C:\WINDOWS\System32\msvcp_win.dll
0x00007ffc998a0000 - 0x00007ffc99998000 	C:\WINDOWS\System32\ucrtbase.dll
0x00007ffc83f00000 - 0x00007ffc84169000 	C:\WINDOWS\WinSxS\amd64_microsoft.windows.common-controls_6595b64144ccf1df_6.0.17134.1006_none_d3fbb8f77c940c3f\COMCTL32.dll
0x00007ffc9ad20000 - 0x00007ffc9b041000 	C:\WINDOWS\System32\combase.dll
0x00007ffc99060000 - 0x00007ffc990d9000 	C:\WINDOWS\System32\bcryptPrimitives.dll
0x00007ffc9b100000 - 0x00007ffc9b12d000 	C:\WINDOWS\System32\IMM32.DLL
0x0000000074f60000 - 0x0000000075032000 	C:\Program Files\Android\Android Studio\jre\jre\bin\msvcr100.dll
0x0000000075120000 - 0x0000000075966000 	C:\Program Files\Android\Android Studio\jre\jre\bin\server\jvm.dll
0x00007ffc9a290000 - 0x00007ffc9a298000 	C:\WINDOWS\System32\PSAPI.DLL
0x00007ffc77120000 - 0x00007ffc77129000 	C:\WINDOWS\SYSTEM32\WSOCK32.dll
0x00007ffc81460000 - 0x00007ffc8146a000 	C:\WINDOWS\SYSTEM32\VERSION.dll
0x00007ffc9acb0000 - 0x00007ffc9ad1c000 	C:\WINDOWS\System32\WS2_32.dll
0x00007ffc96c70000 - 0x00007ffc96c93000 	C:\WINDOWS\SYSTEM32\WINMM.dll
0x00007ffc96c40000 - 0x00007ffc96c6a000 	C:\WINDOWS\SYSTEM32\winmmbase.dll
0x00007ffc999a0000 - 0x00007ffc999e9000 	C:\WINDOWS\System32\cfgmgr32.dll
0x00007ffc94390000 - 0x00007ffc9439f000 	C:\Program Files\Android\Android Studio\jre\jre\bin\verify.dll
0x00007ffc8ee50000 - 0x00007ffc8ee79000 	C:\Program Files\Android\Android Studio\jre\jre\bin\java.dll
0x00007ffc8ee30000 - 0x00007ffc8ee46000 	C:\Program Files\Android\Android Studio\jre\jre\bin\zip.dll

VM Arguments:
java_command: org.jetbrains.git4idea.http.GitAskPassApp Username for 'https://github.com': 
java_class_path (initial): C:/Program Files/Android/Android Studio/plugins/git4idea/lib/git4idea-rt.jar;C:/Program Files/Android/Android Studio/lib/xmlrpc-2.0.1.jar;C:/Program Files/Android/Android Studio/lib/commons-codec-1.10.jar;C:/Program Files/Android/Android Studio/lib/util.jar
Launcher Type: SUN_STANDARD

Environment Variables:
JAVA_HOME=C:\Program Files\Java\jdk-12.0.2
PATH=C:\Program Files\Git\mingw64/libexec/git-core;C:\Program Files\Git\mingw64\bin;C:\Program Files\Git\usr\bin;C:\Users\justi.JUSTINE-SURFACE\bin;C:\Program Files\Haskell\bin;C:\Program Files\Haskell Platform\8.4.3\lib\extralibs\bin;C:\Program Files\Haskell Platform\8.4.3\bin;C:\Program Files (x86)\NVIDIA Corporation\PhysX\Common;C:\ProgramData\Oracle\Java\javapath;C:\WINDOWS\system32;C:\WINDOWS;C:\WINDOWS\System32\Wbem;C:\WINDOWS\System32\WindowsPowerShell\v1.0;C:\Program Files\Java\jdk1.8.0_121\bin;C:\Program Files\Java\jre1.8.0_121\bin;C:\Program Files\Git\cmd;C:\WINDOWS\System32\WindowsPowerShell\v1.0\;C:\WINDOWS\System32\OpenSSH\;C:\Program Files\Haskell Platform\8.4.3\mingw\bin;C:\Program Files\nodejs\;C:\apache-maven-3.6.0-bin\apache-maven-3.6.0\bin;C:\Program Files\MySQL\MySQL Server 8.0\bin;C:\Python;C:\Python\Scripts;C:\Program Files\Java\jdk-12.0.2\bin;C:\Program Files (x86)\Yarn\bin\;C:\Program Files\PostgreSQL\12\bin;C:\Users\justi.JUSTINE-SURFACE\scoop\apps\yarn\current\Yarn\bin;C:\Users\justi.JUSTINE-SURFACE\scoop\apps\yarn\current\global\node_modules\.bin;C:\Users\justi.JUSTINE-SURFACE\scoop\shims;C:\RailsInstaller\Git\cmd;C:\RailsInstaller\Ruby2.3.3\bin;C:\Ruby25-x64\bin;C:\Users\justi.JUSTINE-SURFACE\AppData\Roaming\cabal\bin;C:\bin;C:\Users\justi.JUSTINE-SURFACE\AppData\Local\Microsoft\WindowsApps;C:\Program Files\Microsoft VS Code\bin;C:\Users\justi.JUSTINE-SURFACE\AppData\Roaming\npm;C:\Program Files (x86)\SSH Communications Security\SSH Secure Shell;C:\Users\justi.JUSTINE-SURFACE\AppData\Roaming\Microsoft\Windows\Start Menu\Programs\Python 3.6;C:\Python;C:\Python\Scripts;C:\Program Files\Java\jdk-12.0.2\bin;C:\Users\justi.JUSTINE-SURFACE\AppData\Local\GitHubDesktop\bin;C:\Users\justi.JUSTINE-SURFACE\AppData\Local\Yarn\bin\;C:\Program Files\PostgreSQL\12\bin;
USERNAME=justi
DISPLAY=:0.0
OS=Windows_NT
PROCESSOR_IDENTIFIER=Intel64 Family 6 Model 78 Stepping 3, GenuineIntel



---------------  S Y S T E M  ---------------

OS: Windows 10.0 , 64 bit Build 17134 (10.0.17134.753)

CPU:total 4 (initial active 4) (2 cores per cpu, 2 threads per core) family 6 model 78 stepping 3, cmov, cx8, fxsr, mmx, sse, sse2, sse3, ssse3, sse4.1, sse4.2, popcnt, avx, avx2, aes, clmul, erms, rtm, 3dnowpref, lzcnt, ht, tsc, tscinvbit, bmi1, bmi2, adx

Memory: 4k page, physical 8312088k(1223876k free), swap 13215680k(5872k free)

vm_info: OpenJDK 64-Bit Server VM (25.202-b03) for windows-amd64 JRE (1.8.0_202-release-1483-b03), built by "builder" with MS VC++ 10.0 (VS2010)

time: Sun Nov 17 00:59:33 2019
timezone: Pacific Standard Time
elapsed time: 0 seconds (0d 0h 0m 0s)

